<?xml version="1.0" encoding="UTF-8"?>
<!-- Generated by org.testng.reporters.JUnitReportReporter -->
<testsuite hostname="FOCUS-QA-03" failures="0" tests="1" name="Testcases.LoginCRMByExcelFindBy" time="2.447" errors="0" timestamp="2021-07-19T14:37:53 IST" skipped="0">
  <testcase classname="Testcases.LoginCRMByExcelFindBy" name="loginCRM" time="2.447"/>
  <system-out/>
</testsuite> <!-- Testcases.LoginCRMByExcelFindBy -->
