<?xml version="1.0" encoding="UTF-8"?>
<!-- Generated by org.testng.reporters.JUnitReportReporter -->
<testsuite hostname="FOCUS-QA-03" failures="0" tests="1" name="Testcases.LoginCRMFindBy" time="2.429" errors="0" timestamp="2021-07-19T14:04:42 IST" skipped="0">
  <testcase classname="Testcases.LoginCRMFindBy" name="loginCRM" time="2.429"/>
  <system-out/>
</testsuite> <!-- Testcases.LoginCRMFindBy -->
